  ConsoleApplication1.cpp
C:\exercises\ConsoleApplication1\ConsoleApplication1\ConsoleApplication1.cpp(1,1): error C3927: '->': trailing return type is not allowed after a non-function declarator
C:\exercises\ConsoleApplication1\ConsoleApplication1\ConsoleApplication1.cpp(1,8): error C3484: syntax error: expected '->' before the return type
C:\exercises\ConsoleApplication1\ConsoleApplication1\ConsoleApplication1.cpp(1,9): error C3613: missing return type after '->' ('int' assumed)
C:\exercises\ConsoleApplication1\ConsoleApplication1\ConsoleApplication1.cpp(1,14): error C4430: missing type specifier - int assumed. Note: C++ does not support default-int
C:\exercises\ConsoleApplication1\ConsoleApplication1\ConsoleApplication1.cpp(1,9): error C2146: syntax error: missing ';' before identifier 'Write'
C:\exercises\ConsoleApplication1\ConsoleApplication1\ConsoleApplication1.cpp(2,18): error C4430: missing type specifier - int assumed. Note: C++ does not support default-int
C:\exercises\ConsoleApplication1\ConsoleApplication1\ConsoleApplication1.cpp(2,8): error C2146: syntax error: missing ';' before identifier 'firstName'
C:\exercises\ConsoleApplication1\ConsoleApplication1\ConsoleApplication1.cpp(4,1): error C3927: '->': trailing return type is not allowed after a non-function declarator
C:\exercises\ConsoleApplication1\ConsoleApplication1\ConsoleApplication1.cpp(4,8): error C3484: syntax error: expected '->' before the return type
C:\exercises\ConsoleApplication1\ConsoleApplication1\ConsoleApplication1.cpp(4,9): error C3613: missing return type after '->' ('int' assumed)
C:\exercises\ConsoleApplication1\ConsoleApplication1\ConsoleApplication1.cpp(4,14): error C4430: missing type specifier - int assumed. Note: C++ does not support default-int
C:\exercises\ConsoleApplication1\ConsoleApplication1\ConsoleApplication1.cpp(4,1): error C2086: 'int Console': redefinition
C:\exercises\ConsoleApplication1\ConsoleApplication1\ConsoleApplication1.cpp(1,1): message : see declaration of 'Console'
C:\exercises\ConsoleApplication1\ConsoleApplication1\ConsoleApplication1.cpp(4,9): error C2146: syntax error: missing ';' before identifier 'Write'
C:\exercises\ConsoleApplication1\ConsoleApplication1\ConsoleApplication1.cpp(5,17): error C4430: missing type specifier - int assumed. Note: C++ does not support default-int
C:\exercises\ConsoleApplication1\ConsoleApplication1\ConsoleApplication1.cpp(5,1): error C2086: 'int string': redefinition
C:\exercises\ConsoleApplication1\ConsoleApplication1\ConsoleApplication1.cpp(2,1): message : see declaration of 'string'
C:\exercises\ConsoleApplication1\ConsoleApplication1\ConsoleApplication1.cpp(5,8): error C2146: syntax error: missing ';' before identifier 'lastName'
C:\exercises\ConsoleApplication1\ConsoleApplication1\ConsoleApplication1.cpp(7,1): error C3927: '->': trailing return type is not allowed after a non-function declarator
C:\exercises\ConsoleApplication1\ConsoleApplication1\ConsoleApplication1.cpp(7,8): error C3484: syntax error: expected '->' before the return type
C:\exercises\ConsoleApplication1\ConsoleApplication1\ConsoleApplication1.cpp(7,9): error C3613: missing return type after '->' ('int' assumed)
C:\exercises\ConsoleApplication1\ConsoleApplication1\ConsoleApplication1.cpp(7,18): error C4430: missing type specifier - int assumed. Note: C++ does not support default-int
C:\exercises\ConsoleApplication1\ConsoleApplication1\ConsoleApplication1.cpp(7,1): error C2086: 'int Console': redefinition
C:\exercises\ConsoleApplication1\ConsoleApplication1\ConsoleApplication1.cpp(1,1): message : see declaration of 'Console'
C:\exercises\ConsoleApplication1\ConsoleApplication1\ConsoleApplication1.cpp(7,9): error C2146: syntax error: missing ';' before identifier 'WriteLine'
C:\exercises\ConsoleApplication1\ConsoleApplication1\ConsoleApplication1.cpp(8,1): error C3927: '->': trailing return type is not allowed after a non-function declarator
C:\exercises\ConsoleApplication1\ConsoleApplication1\ConsoleApplication1.cpp(8,8): error C3484: syntax error: expected '->' before the return type
C:\exercises\ConsoleApplication1\ConsoleApplication1\ConsoleApplication1.cpp(8,9): error C3613: missing return type after '->' ('int' assumed)
C:\exercises\ConsoleApplication1\ConsoleApplication1\ConsoleApplication1.cpp(8,16): error C4430: missing type specifier - int assumed. Note: C++ does not support default-int
C:\exercises\ConsoleApplication1\ConsoleApplication1\ConsoleApplication1.cpp(8,1): error C2086: 'int Console': redefinition
C:\exercises\ConsoleApplication1\ConsoleApplication1\ConsoleApplication1.cpp(1,1): message : see declaration of 'Console'
C:\exercises\ConsoleApplication1\ConsoleApplication1\ConsoleApplication1.cpp(8,9): error C2146: syntax error: missing ';' before identifier 'ReadKey'
